[24-Sep-2025 07:41:28 UTC] Automatic updates starting...
[24-Sep-2025 07:41:28 UTC]   Automatic plugin updates starting...
[24-Sep-2025 07:41:28 UTC]   Automatic plugin updates complete.
[24-Sep-2025 07:41:28 UTC] Automatic updates complete.
[25-Sep-2025 07:42:09 UTC] Automatic updates starting...
[25-Sep-2025 07:42:09 UTC]   Automatic plugin updates starting...
[25-Sep-2025 07:42:09 UTC]   Automatic plugin updates complete.
[25-Sep-2025 07:42:09 UTC] Automatic updates complete.
[26-Sep-2025 07:44:04 UTC] Automatic updates starting...
[26-Sep-2025 07:44:04 UTC]   Automatic plugin updates starting...
[26-Sep-2025 07:44:04 UTC]   Automatic plugin updates complete.
[26-Sep-2025 07:44:05 UTC] Automatic updates complete.
[27-Sep-2025 08:43:59 UTC] Automatic updates starting...
[27-Sep-2025 08:43:59 UTC]   Automatic plugin updates starting...
[27-Sep-2025 08:43:59 UTC]   Automatic plugin updates complete.
[27-Sep-2025 08:43:59 UTC] Automatic updates complete.
[29-Sep-2025 07:03:01 UTC] Automatic updates starting...
[29-Sep-2025 07:03:02 UTC]   Automatic plugin updates starting...
[29-Sep-2025 07:03:02 UTC]   Automatic plugin updates complete.
[29-Sep-2025 07:03:02 UTC] Automatic updates complete.
[29-Sep-2025 07:42:24 UTC] Automatic updates starting...
[29-Sep-2025 07:42:24 UTC]   Automatic plugin updates starting...
[29-Sep-2025 07:42:24 UTC]   Automatic plugin updates complete.
[29-Sep-2025 07:42:24 UTC] Automatic updates complete.
[29-Sep-2025 20:01:25 UTC] Automatic updates starting...
[29-Sep-2025 20:01:25 UTC]   Automatic plugin updates starting...
[29-Sep-2025 20:01:25 UTC]   Automatic plugin updates complete.
[29-Sep-2025 20:01:26 UTC] Automatic updates complete.
[30-Sep-2025 19:03:27 UTC] Automatic updates starting...
[30-Sep-2025 19:03:28 UTC]   Automatic plugin updates starting...
[30-Sep-2025 19:03:28 UTC]   Automatic plugin updates complete.
[30-Sep-2025 19:03:28 UTC] Automatic updates complete.
[30-Sep-2025 19:58:37 UTC] Automatic updates starting...
[30-Sep-2025 19:58:37 UTC]   Automatic plugin updates starting...
[30-Sep-2025 19:58:37 UTC]   Automatic plugin updates complete.
[30-Sep-2025 19:58:37 UTC] Automatic updates complete.
[01-Oct-2025 07:45:11 UTC] Automatic updates starting...
[01-Oct-2025 07:45:11 UTC]   Automatic plugin updates starting...
[01-Oct-2025 07:45:11 UTC]   Automatic plugin updates complete.
[01-Oct-2025 07:45:11 UTC] Automatic updates complete.
[02-Oct-2025 07:43:17 UTC] Automatic updates starting...
[02-Oct-2025 07:43:17 UTC]   Automatic plugin updates starting...
[02-Oct-2025 07:43:17 UTC]   Automatic plugin updates complete.
[02-Oct-2025 07:43:18 UTC] Automatic updates complete.
[05-Oct-2025 14:51:14 UTC] Automatic updates starting...
[05-Oct-2025 14:51:14 UTC]   Automatic plugin updates starting...
[05-Oct-2025 14:51:15 UTC]   Automatic plugin updates complete.
[05-Oct-2025 14:51:15 UTC] Automatic updates complete.
[06-Oct-2025 06:54:39 UTC] Automatic updates starting...
[06-Oct-2025 06:54:40 UTC]   Automatic plugin updates starting...
[06-Oct-2025 06:54:40 UTC]   Automatic plugin updates complete.
[06-Oct-2025 06:54:40 UTC] Automatic updates complete.
[06-Oct-2025 07:50:22 UTC] Automatic updates starting...
[06-Oct-2025 07:50:22 UTC]   Automatic plugin updates starting...
[06-Oct-2025 07:50:22 UTC]   Automatic plugin updates complete.
[06-Oct-2025 07:50:22 UTC] Automatic updates complete.
[07-Oct-2025 07:33:25 UTC] Automatic updates starting...
[07-Oct-2025 07:33:25 UTC]   Automatic plugin updates starting...
[07-Oct-2025 07:33:25 UTC]   Automatic plugin updates complete.
[07-Oct-2025 07:33:26 UTC] Automatic updates complete.
[07-Oct-2025 07:50:03 UTC] Automatic updates starting...
[07-Oct-2025 07:50:03 UTC]   Automatic plugin updates starting...
[07-Oct-2025 07:50:03 UTC]   Automatic plugin updates complete.
[07-Oct-2025 07:50:03 UTC] Automatic updates complete.
[09-Oct-2025 14:44:38 UTC] Automatic updates starting...
[09-Oct-2025 14:44:38 UTC]   Automatic plugin updates starting...
[09-Oct-2025 14:44:38 UTC]   Automatic plugin updates complete.
[09-Oct-2025 14:44:38 UTC] Automatic updates complete.
[10-Oct-2025 06:33:01 UTC] Automatic updates starting...
[10-Oct-2025 06:33:02 UTC]   Automatic plugin updates starting...
[10-Oct-2025 06:33:02 UTC]   Automatic plugin updates complete.
[10-Oct-2025 06:33:02 UTC] Automatic updates complete.
[10-Oct-2025 07:48:48 UTC] Automatic updates starting...
[10-Oct-2025 07:48:48 UTC]   Automatic plugin updates starting...
[10-Oct-2025 07:48:48 UTC]   Automatic plugin updates complete.
[10-Oct-2025 07:48:48 UTC] Automatic updates complete.
[10-Oct-2025 19:42:13 UTC] Automatic updates starting...
[10-Oct-2025 19:42:14 UTC]   Automatic plugin updates starting...
[10-Oct-2025 19:42:14 UTC]   Automatic plugin updates complete.
[10-Oct-2025 19:42:14 UTC] Automatic updates complete.
[11-Oct-2025 08:21:56 UTC] Automatic updates starting...
[11-Oct-2025 08:21:56 UTC]   Automatic plugin updates starting...
[11-Oct-2025 08:21:56 UTC]   Automatic plugin updates complete.
[11-Oct-2025 08:21:56 UTC] Automatic updates complete.
[13-Oct-2025 11:47:35 UTC] Automatic updates starting...
[13-Oct-2025 11:47:35 UTC]   Automatic plugin updates starting...
[13-Oct-2025 11:47:35 UTC]   Automatic plugin updates complete.
[13-Oct-2025 11:47:35 UTC] Automatic updates complete.
[13-Oct-2025 13:58:19 UTC] PHP Warning:  Undefined variable $hero_src in /var/www/html/clients/rochas/wp-content/themes/rochas/page-kinesio.php on line 13
[13-Oct-2025 13:58:19 UTC] PHP Deprecated:  ltrim(): Passing null to parameter #1 ($string) of type string is deprecated in /var/www/html/clients/rochas/wp-includes/formatting.php on line 4486
[15-Oct-2025 11:46:00 UTC] Automatic updates starting...
[15-Oct-2025 11:46:01 UTC]   Automatic plugin updates starting...
[15-Oct-2025 11:46:01 UTC]   Automatic plugin updates complete.
[15-Oct-2025 11:46:01 UTC] Automatic updates complete.
[16-Oct-2025 09:10:11 UTC] Automatic updates starting...
[16-Oct-2025 09:10:11 UTC]   Automatic plugin updates starting...
[16-Oct-2025 09:10:11 UTC]   Automatic plugin updates complete.
[16-Oct-2025 09:10:11 UTC] Automatic updates complete.
[17-Oct-2025 12:51:21 UTC] Automatic updates starting...
[17-Oct-2025 12:51:22 UTC]   Automatic plugin updates starting...
[17-Oct-2025 12:51:22 UTC]   Automatic plugin updates complete.
[17-Oct-2025 12:51:22 UTC] Automatic updates complete.
[20-Oct-2025 11:32:43 UTC] Automatic updates starting...
[20-Oct-2025 11:32:44 UTC]   Automatic plugin updates starting...
[20-Oct-2025 11:32:44 UTC]   Automatic plugin updates complete.
[20-Oct-2025 11:32:44 UTC] Automatic updates complete.
[21-Oct-2025 11:40:17 UTC] Automatic updates starting...
[21-Oct-2025 11:40:18 UTC]   Automatic plugin updates starting...
[21-Oct-2025 11:40:18 UTC]   Automatic plugin updates complete.
[21-Oct-2025 11:40:18 UTC] Automatic updates complete.
[23-Oct-2025 09:16:50 UTC] Automatic updates starting...
[23-Oct-2025 09:16:51 UTC]   Automatic plugin updates starting...
[23-Oct-2025 09:16:51 UTC]   Automatic plugin updates complete.
[23-Oct-2025 09:16:51 UTC] Automatic updates complete.
[24-Oct-2025 07:25:58 UTC] Automatic updates starting...
[24-Oct-2025 07:25:59 UTC]   Automatic plugin updates starting...
[24-Oct-2025 07:25:59 UTC]   Automatic plugin updates complete.
[24-Oct-2025 07:25:59 UTC] Automatic updates complete.
[24-Oct-2025 11:32:49 UTC] Automatic updates starting...
[24-Oct-2025 11:32:49 UTC]   Automatic plugin updates starting...
[24-Oct-2025 11:32:49 UTC]   Automatic plugin updates complete.
[24-Oct-2025 11:32:49 UTC] Automatic updates complete.
